Using pre-set license
Built from '2020.3/staging' branch; Version is '2020.3.19f1 (68f137dc9bbe) revision 6877495'; Using compiler version '192528614'; Build Type 'Release'
OS: 'Windows 10 Home; OS build 19042.1288; Version 2009; 64bit' Language: 'en' Physical Memory: 16234 MB
BatchMode: 1, IsHumanControllingUs: 0, StartBugReporterOnCrash: 0, Is64bit: 1, IsPro: 0

COMMAND LINE ARGUMENTS:
C:\Downloads\Unity\Unity Editor Versions\2020.3.19f1\Editor\Unity.exe
-adb2
-batchMode
-noUpm
-name
AssetImportWorker1
-projectPath
E:/Projects/Unity/Mobile-Game/Mobile Game
-logFile
Logs/AssetImportWorker1.log
-srvPort
63879
Successfully changed project path to: E:/Projects/Unity/Mobile-Game/Mobile Game
E:/Projects/Unity/Mobile-Game/Mobile Game
Using Asset Import Pipeline V2.
Refreshing native plugins compatible for Editor in 111.80 ms, found 3 plugins.
Preloading 0 native plugins for Editor in 0.00 ms.
Initialize engine version: 2020.3.19f1 (68f137dc9bbe)
[Subsystems] Discovering subsystems at path C:/Downloads/Unity/Unity Editor Versions/2020.3.19f1/Editor/Data/Resources/UnitySubsystems
[Subsystems] Discovering subsystems at path E:/Projects/Unity/Mobile-Game/Mobile Game/Assets
GfxDevice: creating device client; threaded=0
Direct3D:
    Version:  Direct3D 11.0 [level 11.1]
    Renderer: NVIDIA GeForce GTX 1080 (ID=0x1b80)
    Vendor:   
    VRAM:     8079 MB
    Driver:   27.21.14.6663
Shader 'MoreMountains/MMRipple': fallback shader 'Particle/AlphaBlended' not found
Initialize mono
Mono path[0] = 'C:/Downloads/Unity/Unity Editor Versions/2020.3.19f1/Editor/Data/Managed'
Mono path[1] = 'C:/Downloads/Unity/Unity Editor Versions/2020.3.19f1/Editor/Data/MonoBleedingEdge/lib/mono/unityjit'
Mono config path = 'C:/Downloads/Unity/Unity Editor Versions/2020.3.19f1/Editor/Data/MonoBleedingEdge/etc'
Using monoOptions --debugger-agent=transport=dt_socket,embedding=1,server=y,suspend=n,address=127.0.0.1:56984
Begin MonoManager ReloadAssembly
Registering precompiled unity dll's ...
Register platform support module: C:/Downloads/Unity/Unity Editor Versions/2020.3.19f1/Editor/Data/PlaybackEngines/WebGLSupport/UnityEditor.WebGL.Extensions.dll
Register platform support module: C:/Downloads/Unity/Unity Editor Versions/2020.3.19f1/Editor/Data/PlaybackEngines/WindowsStandaloneSupport/UnityEditor.WindowsStandalone.Extensions.dll
Registered in 0.002258 seconds.
Native extension for WindowsStandalone target not found
Native extension for WebGL target not found
Refreshing native plugins compatible for Editor in 107.99 ms, found 3 plugins.
Preloading 0 native plugins for Editor in 0.00 ms.
Mono: successfully reloaded assembly
- Completed reload, in  1.918 seconds
Domain Reload Profiling:
	ReloadAssembly (1918ms)
		BeginReloadAssembly (52ms)
			ExecutionOrderSort (0ms)
			DisableScriptedObjects (0ms)
			BackupInstance (0ms)
			ReleaseScriptingObjects (0ms)
			CreateAndSetChildDomain (1ms)
		EndReloadAssembly (492ms)
			LoadAssemblies (49ms)
			RebuildTransferFunctionScriptingTraits (0ms)
			SetupTypeCache (157ms)
			ReleaseScriptCaches (0ms)
			RebuildScriptCaches (31ms)
			SetupLoadedEditorAssemblies (238ms)
				LogAssemblyErrors (0ms)
				InitializePlatformSupportModulesInManaged (5ms)
				SetLoadedEditorAssemblies (0ms)
				RefreshPlugins (108ms)
				BeforeProcessingInitializeOnLoad (12ms)
				ProcessInitializeOnLoadAttributes (84ms)
				ProcessInitializeOnLoadMethodAttributes (28ms)
				AfterProcessingInitializeOnLoad (0ms)
				EditorAssembliesLoaded (0ms)
			ExecutionOrderSort2 (0ms)
			AwakeInstancesAfterBackupRestoration (0ms)
Platform modules already initialized, skipping
Registering precompiled user dll's ...
Registered in 0.005928 seconds.
Begin MonoManager ReloadAssembly
Native extension for WindowsStandalone target not found
Native extension for WebGL target not found
Refreshing native plugins compatible for Editor in 138.82 ms, found 3 plugins.
Preloading 0 native plugins for Editor in 0.00 ms.
Mono: successfully reloaded assembly
- Completed reload, in  2.618 seconds
Domain Reload Profiling:
	ReloadAssembly (2624ms)
		BeginReloadAssembly (143ms)
			ExecutionOrderSort (0ms)
			DisableScriptedObjects (4ms)
			BackupInstance (0ms)
			ReleaseScriptingObjects (0ms)
			CreateAndSetChildDomain (23ms)
		EndReloadAssembly (2418ms)
			LoadAssemblies (103ms)
			RebuildTransferFunctionScriptingTraits (0ms)
			SetupTypeCache (443ms)
			ReleaseScriptCaches (1ms)
			RebuildScriptCaches (88ms)
			SetupLoadedEditorAssemblies (1651ms)
				LogAssemblyErrors (0ms)
				InitializePlatformSupportModulesInManaged (5ms)
				SetLoadedEditorAssemblies (0ms)
				RefreshPlugins (139ms)
				BeforeProcessingInitializeOnLoad (116ms)
				ProcessInitializeOnLoadAttributes (1234ms)
				ProcessInitializeOnLoadMethodAttributes (149ms)
				AfterProcessingInitializeOnLoad (8ms)
				EditorAssembliesLoaded (0ms)
			ExecutionOrderSort2 (0ms)
			AwakeInstancesAfterBackupRestoration (9ms)
Platform modules already initialized, skipping
========================================================================
Worker process is ready to serve import requests
Shader 'MoreMountains/MMRipple': fallback shader 'Particle/AlphaBlended' not found
Launched and connected shader compiler UnityShaderCompiler.exe after 0.12 seconds
Refreshing native plugins compatible for Editor in 2.03 ms, found 3 plugins.
Preloading 0 native plugins for Editor in 0.00 ms.
Unloading 4837 Unused Serialized files (Serialized files now loaded: 0)
System memory in use before: 267.8 MB.
System memory in use after: 268.1 MB.

Unloading 86 unused Assets to reduce memory usage. Loaded Objects now: 5296.
Total: 29.198600 ms (FindLiveObjects: 0.490800 ms CreateObjectMapping: 0.193600 ms MarkObjects: 28.384500 ms  DeleteObjects: 0.127100 ms)

AssetImportParameters requested are different than current active one (requested -> active):
  custom:framework-win-MediaFoundation: 216162199b28c13a410421893ffa2e32 -> 
  custom:video-decoder-ogg-theora: a1e56fd34408186e4bbccfd4996cb3dc -> 
  custom:container-muxer-webm: aa71ff27fc2769a1b78a27578f13a17b -> 
  custom:container-demuxer-webm: 4f35f7cbe854078d1ac9338744f61a02 -> 
  custom:container-demuxer-ogg: 62fdf1f143b41e24485cea50d1cbac27 -> 
  custom:video-encoder-webm-vp8: eb34c28f22e8b96e1ab97ce403110664 -> 
  custom:video-decoder-webm-vp8: 9c59270c3fd7afecdb556c50c9e8de78 -> 
  custom:audio-decoder-ogg-vorbis: bf7c407c2cedff20999df2af8eb42d56 -> 
  custom:audio-encoder-webm-vorbis: bf7c407c2cedff20999df2af8eb42d56 -> 
========================================================================
Received Import Request.
  path: Assets/Stuff/Prefabs/Level Sections/Level Object (11).prefab
  artifactKey: Guid(2debc791737725d4f8dc7937a47d4b34) Importer(815301076,1909f56bfc062723c751e8b465ee728b)
Start importing Assets/Stuff/Prefabs/Level Sections/Level Object (11).prefab using Guid(2debc791737725d4f8dc7937a47d4b34) Importer(815301076,1909f56bfc062723c751e8b465ee728b)  -> (artifact id: '10b34613e98f818b14f6b807e1bff853') in 0.517340 seconds 
  Import took 0.529956 seconds .

========================================================================
Received Import Request.
  Time since last request: 0.000446 seconds.
  path: Assets/Stuff/Prefabs/Level Sections/Level Object (12).prefab
  artifactKey: Guid(a99e3895bfda11147971ce182b90cd80) Importer(815301076,1909f56bfc062723c751e8b465ee728b)
Start importing Assets/Stuff/Prefabs/Level Sections/Level Object (12).prefab using Guid(a99e3895bfda11147971ce182b90cd80) Importer(815301076,1909f56bfc062723c751e8b465ee728b)  -> (artifact id: '4cf9977cb61c53468fd27051f1999d1f') in 0.030431 seconds 
  Import took 0.043174 seconds .

========================================================================
Received Import Request.
  Time since last request: 0.000321 seconds.
  path: Assets/Stuff/Prefabs/Level Sections/Level Object (10).prefab
  artifactKey: Guid(b9ba6be5502cb3c4cb960f8254bdead8) Importer(815301076,1909f56bfc062723c751e8b465ee728b)
Start importing Assets/Stuff/Prefabs/Level Sections/Level Object (10).prefab using Guid(b9ba6be5502cb3c4cb960f8254bdead8) Importer(815301076,1909f56bfc062723c751e8b465ee728b)  -> (artifact id: 'a46817078a962f23dcdb7be9cf4b22a6') in 0.031339 seconds 
  Import took 0.042921 seconds .

========================================================================
Received Import Request.
  Time since last request: 616.728985 seconds.
  path: Assets/Stuff/Prefabs/Level Sections/Level Object (12).prefab
  artifactKey: Guid(a99e3895bfda11147971ce182b90cd80) Importer(815301076,1909f56bfc062723c751e8b465ee728b)
Start importing Assets/Stuff/Prefabs/Level Sections/Level Object (12).prefab using Guid(a99e3895bfda11147971ce182b90cd80) Importer(815301076,1909f56bfc062723c751e8b465ee728b)  -> (artifact id: 'a82270316ff0c97ab98a089e7b18996c') in 0.031842 seconds 
  Import took 0.048560 seconds .

========================================================================
Received Import Request.
  Time since last request: 4.687596 seconds.
  path: Assets/Stuff/Prefabs/Level Sections/Level Object (11).prefab
  artifactKey: Guid(2debc791737725d4f8dc7937a47d4b34) Importer(815301076,1909f56bfc062723c751e8b465ee728b)
Start importing Assets/Stuff/Prefabs/Level Sections/Level Object (11).prefab using Guid(2debc791737725d4f8dc7937a47d4b34) Importer(815301076,1909f56bfc062723c751e8b465ee728b)  -> (artifact id: '6fc964564397936bf2cdaea05e7034c1') in 0.031896 seconds 
  Import took 0.042346 seconds .

========================================================================
Received Import Request.
  Time since last request: 4.192070 seconds.
  path: Assets/Stuff/Prefabs/Level Sections/Level Object (10).prefab
  artifactKey: Guid(b9ba6be5502cb3c4cb960f8254bdead8) Importer(815301076,1909f56bfc062723c751e8b465ee728b)
Start importing Assets/Stuff/Prefabs/Level Sections/Level Object (10).prefab using Guid(b9ba6be5502cb3c4cb960f8254bdead8) Importer(815301076,1909f56bfc062723c751e8b465ee728b)  -> (artifact id: '0b99d37203610c29f5db7a5e3b4c75ec') in 0.011842 seconds 
  Import took 0.022688 seconds .

========================================================================
Received Import Request.
  Time since last request: 3.491055 seconds.
  path: Assets/Stuff/Scenes/Game.unity
  artifactKey: Guid(f092c6f8f8b50be46b3d7d49b97d2c4d) Importer(815301076,1909f56bfc062723c751e8b465ee728b)
Start importing Assets/Stuff/Scenes/Game.unity using Guid(f092c6f8f8b50be46b3d7d49b97d2c4d) Importer(815301076,1909f56bfc062723c751e8b465ee728b)  -> (artifact id: 'c42429d05c27af11ca8bf2f854f6828f') in 0.006542 seconds 
  Import took 0.017468 seconds .

========================================================================
Received Prepare
Registering precompiled user dll's ...
Registered in 0.006034 seconds.
Begin MonoManager ReloadAssembly
Native extension for WindowsStandalone target not found
Native extension for WebGL target not found
Refreshing native plugins compatible for Editor in 1.55 ms, found 3 plugins.
Preloading 0 native plugins for Editor in 0.00 ms.
Mono: successfully reloaded assembly
- Completed reload, in  2.793 seconds
Domain Reload Profiling:
	ReloadAssembly (2794ms)
		BeginReloadAssembly (186ms)
			ExecutionOrderSort (0ms)
			DisableScriptedObjects (14ms)
			BackupInstance (0ms)
			ReleaseScriptingObjects (0ms)
			CreateAndSetChildDomain (79ms)
		EndReloadAssembly (2539ms)
			LoadAssemblies (114ms)
			RebuildTransferFunctionScriptingTraits (0ms)
			SetupTypeCache (662ms)
			ReleaseScriptCaches (4ms)
			RebuildScriptCaches (75ms)
			SetupLoadedEditorAssemblies (1407ms)
				LogAssemblyErrors (0ms)
				InitializePlatformSupportModulesInManaged (5ms)
				SetLoadedEditorAssemblies (0ms)
				RefreshPlugins (2ms)
				BeforeProcessingInitializeOnLoad (124ms)
				ProcessInitializeOnLoadAttributes (1144ms)
				ProcessInitializeOnLoadMethodAttributes (118ms)
				AfterProcessingInitializeOnLoad (12ms)
				EditorAssembliesLoaded (2ms)
			ExecutionOrderSort2 (0ms)
			AwakeInstancesAfterBackupRestoration (107ms)
Platform modules already initialized, skipping
Shader 'MoreMountains/MMRipple': fallback shader 'Particle/AlphaBlended' not found
Refreshing native plugins compatible for Editor in 1.67 ms, found 3 plugins.
Preloading 0 native plugins for Editor in 0.00 ms.
Unloading 4665 Unused Serialized files (Serialized files now loaded: 0)
System memory in use before: 260.3 MB.
System memory in use after: 260.6 MB.

Unloading 63 unused Assets to reduce memory usage. Loaded Objects now: 5356.
Total: 43.758500 ms (FindLiveObjects: 1.137200 ms CreateObjectMapping: 0.663500 ms MarkObjects: 41.847100 ms  DeleteObjects: 0.089500 ms)

AssetImportParameters requested are different than current active one (requested -> active):
  custom:framework-win-MediaFoundation: 216162199b28c13a410421893ffa2e32 -> 
  custom:video-decoder-ogg-theora: a1e56fd34408186e4bbccfd4996cb3dc -> 
  custom:container-muxer-webm: aa71ff27fc2769a1b78a27578f13a17b -> 
  custom:container-demuxer-webm: 4f35f7cbe854078d1ac9338744f61a02 -> 
  custom:container-demuxer-ogg: 62fdf1f143b41e24485cea50d1cbac27 -> 
  custom:video-encoder-webm-vp8: eb34c28f22e8b96e1ab97ce403110664 -> 
  custom:video-decoder-webm-vp8: 9c59270c3fd7afecdb556c50c9e8de78 -> 
  custom:audio-decoder-ogg-vorbis: bf7c407c2cedff20999df2af8eb42d56 -> 
  custom:audio-encoder-webm-vorbis: bf7c407c2cedff20999df2af8eb42d56 -> 
========================================================================
Received Import Request.
  Time since last request: 1424.621327 seconds.
  path: Assets/Stuff/Prefabs/Level Sections/Level Object (12).prefab
  artifactKey: Guid(a99e3895bfda11147971ce182b90cd80) Importer(815301076,1909f56bfc062723c751e8b465ee728b)
Start importing Assets/Stuff/Prefabs/Level Sections/Level Object (12).prefab using Guid(a99e3895bfda11147971ce182b90cd80) Importer(815301076,1909f56bfc062723c751e8b465ee728b)  -> (artifact id: '2201e8facfda8783c9e051b616220863') in 0.223614 seconds 
  Import took 0.234740 seconds .

========================================================================
Received Import Request.
  Time since last request: 3.886558 seconds.
  path: Assets/Stuff/Prefabs/Level Sections/Level Object (11).prefab
  artifactKey: Guid(2debc791737725d4f8dc7937a47d4b34) Importer(815301076,1909f56bfc062723c751e8b465ee728b)
Start importing Assets/Stuff/Prefabs/Level Sections/Level Object (11).prefab using Guid(2debc791737725d4f8dc7937a47d4b34) Importer(815301076,1909f56bfc062723c751e8b465ee728b)  -> (artifact id: '82b0cf8e1a429648ff60cb3df905ffa6') in 0.037568 seconds 
  Import took 0.049901 seconds .

========================================================================
Received Import Request.
  Time since last request: 3.400806 seconds.
  path: Assets/Stuff/Prefabs/Level Sections/Level Object (10).prefab
  artifactKey: Guid(b9ba6be5502cb3c4cb960f8254bdead8) Importer(815301076,1909f56bfc062723c751e8b465ee728b)
Start importing Assets/Stuff/Prefabs/Level Sections/Level Object (10).prefab using Guid(b9ba6be5502cb3c4cb960f8254bdead8) Importer(815301076,1909f56bfc062723c751e8b465ee728b)  -> (artifact id: 'd9b75586eb370859292616e36c3532ba') in 0.015031 seconds 
  Import took 0.024646 seconds .

========================================================================
Received Import Request.
  Time since last request: 31.713430 seconds.
  path: Assets/Stuff/Prefabs/Level Sections/Level Object (10).prefab
  artifactKey: Guid(b9ba6be5502cb3c4cb960f8254bdead8) Importer(815301076,1909f56bfc062723c751e8b465ee728b)
Start importing Assets/Stuff/Prefabs/Level Sections/Level Object (10).prefab using Guid(b9ba6be5502cb3c4cb960f8254bdead8) Importer(815301076,1909f56bfc062723c751e8b465ee728b)  -> (artifact id: 'e9c1fe734a560cdcf3992bcd09d6dd14') in 0.034174 seconds 
  Import took 0.043230 seconds .

========================================================================
Received Import Request.
  Time since last request: 8.562477 seconds.
  path: Assets/Stuff/Prefabs/Level Sections/Level Object (10).prefab
  artifactKey: Guid(b9ba6be5502cb3c4cb960f8254bdead8) Importer(815301076,1909f56bfc062723c751e8b465ee728b)
Start importing Assets/Stuff/Prefabs/Level Sections/Level Object (10).prefab using Guid(b9ba6be5502cb3c4cb960f8254bdead8) Importer(815301076,1909f56bfc062723c751e8b465ee728b)  -> (artifact id: '6bce40f9dd350ec7923c64a17324e012') in 0.019608 seconds 
  Import took 0.030235 seconds .

========================================================================
Received Import Request.
  Time since last request: 7.841704 seconds.
  path: Assets/Stuff/Prefabs/Level Sections/Level Object (10).prefab
  artifactKey: Guid(b9ba6be5502cb3c4cb960f8254bdead8) Importer(815301076,1909f56bfc062723c751e8b465ee728b)
Start importing Assets/Stuff/Prefabs/Level Sections/Level Object (10).prefab using Guid(b9ba6be5502cb3c4cb960f8254bdead8) Importer(815301076,1909f56bfc062723c751e8b465ee728b)  -> (artifact id: '78e7de1a9a2cac87a04e6bdb6c790868') in 0.017763 seconds 
  Import took 0.027262 seconds .

========================================================================
Received Import Request.
  Time since last request: 3.857755 seconds.
  path: Assets/Stuff/Prefabs/Level Sections/Level Object (11).prefab
  artifactKey: Guid(2debc791737725d4f8dc7937a47d4b34) Importer(815301076,1909f56bfc062723c751e8b465ee728b)
Start importing Assets/Stuff/Prefabs/Level Sections/Level Object (11).prefab using Guid(2debc791737725d4f8dc7937a47d4b34) Importer(815301076,1909f56bfc062723c751e8b465ee728b)  -> (artifact id: 'f989b505324cb942823923a55ad80ced') in 0.037528 seconds 
  Import took 0.049546 seconds .

========================================================================
Received Import Request.
  Time since last request: 1.659454 seconds.
  path: Assets/Stuff/Prefabs/Level Sections/Level Object (11).prefab
  artifactKey: Guid(2debc791737725d4f8dc7937a47d4b34) Importer(815301076,1909f56bfc062723c751e8b465ee728b)
Start importing Assets/Stuff/Prefabs/Level Sections/Level Object (11).prefab using Guid(2debc791737725d4f8dc7937a47d4b34) Importer(815301076,1909f56bfc062723c751e8b465ee728b)  -> (artifact id: '06d29e95500d3e6fd3f2f6f70247e2c6') in 0.025495 seconds 
  Import took 0.038854 seconds .

========================================================================
Received Import Request.
  Time since last request: 4.674653 seconds.
  path: Assets/Stuff/Prefabs/Level Sections/Level Object (11).prefab
  artifactKey: Guid(2debc791737725d4f8dc7937a47d4b34) Importer(815301076,1909f56bfc062723c751e8b465ee728b)
Start importing Assets/Stuff/Prefabs/Level Sections/Level Object (11).prefab using Guid(2debc791737725d4f8dc7937a47d4b34) Importer(815301076,1909f56bfc062723c751e8b465ee728b)  -> (artifact id: '7665e66c6fada3a84cb497bf57f898d0') in 0.029365 seconds 
  Import took 0.043744 seconds .

========================================================================
Received Import Request.
  Time since last request: 2.196831 seconds.
  path: Assets/Stuff/Prefabs/Level Sections/Level Object (11).prefab
  artifactKey: Guid(2debc791737725d4f8dc7937a47d4b34) Importer(815301076,1909f56bfc062723c751e8b465ee728b)
Start importing Assets/Stuff/Prefabs/Level Sections/Level Object (11).prefab using Guid(2debc791737725d4f8dc7937a47d4b34) Importer(815301076,1909f56bfc062723c751e8b465ee728b)  -> (artifact id: '3ee005a4a13a0cf2302f45a69235335d') in 0.034400 seconds 
  Import took 0.045473 seconds .

========================================================================
Received Import Request.
  Time since last request: 4.233587 seconds.
  path: Assets/Stuff/Prefabs/Level Sections/Level Object (11).prefab
  artifactKey: Guid(2debc791737725d4f8dc7937a47d4b34) Importer(815301076,1909f56bfc062723c751e8b465ee728b)
Start importing Assets/Stuff/Prefabs/Level Sections/Level Object (11).prefab using Guid(2debc791737725d4f8dc7937a47d4b34) Importer(815301076,1909f56bfc062723c751e8b465ee728b)  -> (artifact id: '369c92c0d18ef011e7c3c88e6794e5f9') in 0.028923 seconds 
  Import took 0.040001 seconds .

========================================================================
Received Import Request.
  Time since last request: 3.498847 seconds.
  path: Assets/Stuff/Prefabs/Level Sections/Level Object (12).prefab
  artifactKey: Guid(a99e3895bfda11147971ce182b90cd80) Importer(815301076,1909f56bfc062723c751e8b465ee728b)
Start importing Assets/Stuff/Prefabs/Level Sections/Level Object (12).prefab using Guid(a99e3895bfda11147971ce182b90cd80) Importer(815301076,1909f56bfc062723c751e8b465ee728b)  -> (artifact id: 'c875e87da02ab7bc6a5ffabca6637bb5') in 0.023081 seconds 
  Import took 0.038410 seconds .

========================================================================
Received Import Request.
  Time since last request: 1.992551 seconds.
  path: Assets/Stuff/Prefabs/Level Sections/Level Object (12).prefab
  artifactKey: Guid(a99e3895bfda11147971ce182b90cd80) Importer(815301076,1909f56bfc062723c751e8b465ee728b)
Start importing Assets/Stuff/Prefabs/Level Sections/Level Object (12).prefab using Guid(a99e3895bfda11147971ce182b90cd80) Importer(815301076,1909f56bfc062723c751e8b465ee728b)  -> (artifact id: '54e0c9c334de164788cbd58321b80d58') in 0.030066 seconds 
  Import took 0.039396 seconds .

========================================================================
Received Import Request.
  Time since last request: 2.456487 seconds.
  path: Assets/Stuff/Prefabs/Level Sections/Level Object (12).prefab
  artifactKey: Guid(a99e3895bfda11147971ce182b90cd80) Importer(815301076,1909f56bfc062723c751e8b465ee728b)
Start importing Assets/Stuff/Prefabs/Level Sections/Level Object (12).prefab using Guid(a99e3895bfda11147971ce182b90cd80) Importer(815301076,1909f56bfc062723c751e8b465ee728b)  -> (artifact id: 'c391c8c04f03fd8b9e1dc4ecd9224d49') in 0.026356 seconds 
  Import took 0.036731 seconds .

========================================================================
Received Import Request.
  Time since last request: 5.071403 seconds.
  path: Assets/Stuff/Prefabs/Level Sections/Level Object (12).prefab
  artifactKey: Guid(a99e3895bfda11147971ce182b90cd80) Importer(815301076,1909f56bfc062723c751e8b465ee728b)
Start importing Assets/Stuff/Prefabs/Level Sections/Level Object (12).prefab using Guid(a99e3895bfda11147971ce182b90cd80) Importer(815301076,1909f56bfc062723c751e8b465ee728b)  -> (artifact id: 'c7a052d30d152e23dcb391db48afe81a') in 0.026228 seconds 
  Import took 0.037423 seconds .

========================================================================
Received Import Request.
  Time since last request: 2.631234 seconds.
  path: Assets/Stuff/Prefabs/Level Sections/Level Object (12).prefab
  artifactKey: Guid(a99e3895bfda11147971ce182b90cd80) Importer(815301076,1909f56bfc062723c751e8b465ee728b)
Start importing Assets/Stuff/Prefabs/Level Sections/Level Object (12).prefab using Guid(a99e3895bfda11147971ce182b90cd80) Importer(815301076,1909f56bfc062723c751e8b465ee728b)  -> (artifact id: 'f079931b4ae6ef6c9665bb4abfcd97ad') in 0.024890 seconds 
  Import took 0.036464 seconds .

========================================================================
Received Import Request.
  Time since last request: 3.626684 seconds.
  path: Assets/Stuff/Prefabs/Level Sections/Level Object (12).prefab
  artifactKey: Guid(a99e3895bfda11147971ce182b90cd80) Importer(815301076,1909f56bfc062723c751e8b465ee728b)
Start importing Assets/Stuff/Prefabs/Level Sections/Level Object (12).prefab using Guid(a99e3895bfda11147971ce182b90cd80) Importer(815301076,1909f56bfc062723c751e8b465ee728b)  -> (artifact id: 'db1158ac1470dc72bad0c7d64e7a7150') in 0.031594 seconds 
  Import took 0.043582 seconds .

========================================================================
Received Import Request.
  Time since last request: 2.604176 seconds.
  path: Assets/Stuff/Prefabs/Level Sections/Level Object (12).prefab
  artifactKey: Guid(a99e3895bfda11147971ce182b90cd80) Importer(815301076,1909f56bfc062723c751e8b465ee728b)
Start importing Assets/Stuff/Prefabs/Level Sections/Level Object (12).prefab using Guid(a99e3895bfda11147971ce182b90cd80) Importer(815301076,1909f56bfc062723c751e8b465ee728b)  -> (artifact id: 'a40bf8ce9ae03a0365b2af8322fa450a') in 0.025447 seconds 
  Import took 0.038178 seconds .

========================================================================
Received Import Request.
  Time since last request: 3.243044 seconds.
  path: Assets/Stuff/Prefabs/Level Sections/Level Object (12).prefab
  artifactKey: Guid(a99e3895bfda11147971ce182b90cd80) Importer(815301076,1909f56bfc062723c751e8b465ee728b)
Start importing Assets/Stuff/Prefabs/Level Sections/Level Object (12).prefab using Guid(a99e3895bfda11147971ce182b90cd80) Importer(815301076,1909f56bfc062723c751e8b465ee728b)  -> (artifact id: 'e66511464eecf11ea8738f98acf039b6') in 0.025449 seconds 
  Import took 0.036470 seconds .

========================================================================
Received Import Request.
  Time since last request: 3.001401 seconds.
  path: Assets/Stuff/Prefabs/Level Sections/Level Object (12).prefab
  artifactKey: Guid(a99e3895bfda11147971ce182b90cd80) Importer(815301076,1909f56bfc062723c751e8b465ee728b)
Start importing Assets/Stuff/Prefabs/Level Sections/Level Object (12).prefab using Guid(a99e3895bfda11147971ce182b90cd80) Importer(815301076,1909f56bfc062723c751e8b465ee728b)  -> (artifact id: '38ab673bdefbbacb0b07c844ac235858') in 0.024534 seconds 
  Import took 0.035243 seconds .

========================================================================
Received Prepare
Registering precompiled user dll's ...
Registered in 0.006398 seconds.
Begin MonoManager ReloadAssembly
Native extension for WindowsStandalone target not found
Native extension for WebGL target not found
Refreshing native plugins compatible for Editor in 3.37 ms, found 3 plugins.
Preloading 0 native plugins for Editor in 0.00 ms.
Mono: successfully reloaded assembly
- Completed reload, in  2.309 seconds
Domain Reload Profiling:
	ReloadAssembly (2310ms)
		BeginReloadAssembly (175ms)
			ExecutionOrderSort (0ms)
			DisableScriptedObjects (13ms)
			BackupInstance (0ms)
			ReleaseScriptingObjects (0ms)
			CreateAndSetChildDomain (90ms)
		EndReloadAssembly (2058ms)
			LoadAssemblies (121ms)
			RebuildTransferFunctionScriptingTraits (0ms)
			SetupTypeCache (503ms)
			ReleaseScriptCaches (4ms)
			RebuildScriptCaches (69ms)
			SetupLoadedEditorAssemblies (1141ms)
				LogAssemblyErrors (0ms)
				InitializePlatformSupportModulesInManaged (7ms)
				SetLoadedEditorAssemblies (1ms)
				RefreshPlugins (3ms)
				BeforeProcessingInitializeOnLoad (124ms)
				ProcessInitializeOnLoadAttributes (920ms)
				ProcessInitializeOnLoadMethodAttributes (77ms)
				AfterProcessingInitializeOnLoad (7ms)
				EditorAssembliesLoaded (1ms)
			ExecutionOrderSort2 (0ms)
			AwakeInstancesAfterBackupRestoration (68ms)
Platform modules already initialized, skipping
Shader 'MoreMountains/MMRipple': fallback shader 'Particle/AlphaBlended' not found
Refreshing native plugins compatible for Editor in 1.40 ms, found 3 plugins.
Preloading 0 native plugins for Editor in 0.00 ms.
Unloading 4665 Unused Serialized files (Serialized files now loaded: 0)
System memory in use before: 260.9 MB.
System memory in use after: 261.4 MB.

Unloading 63 unused Assets to reduce memory usage. Loaded Objects now: 5407.
Total: 38.670100 ms (FindLiveObjects: 0.589200 ms CreateObjectMapping: 0.534600 ms MarkObjects: 37.490200 ms  DeleteObjects: 0.054200 ms)

AssetImportParameters requested are different than current active one (requested -> active):
  custom:framework-win-MediaFoundation: 216162199b28c13a410421893ffa2e32 -> 
  custom:video-decoder-ogg-theora: a1e56fd34408186e4bbccfd4996cb3dc -> 
  custom:container-muxer-webm: aa71ff27fc2769a1b78a27578f13a17b -> 
  custom:container-demuxer-webm: 4f35f7cbe854078d1ac9338744f61a02 -> 
  custom:container-demuxer-ogg: 62fdf1f143b41e24485cea50d1cbac27 -> 
  custom:video-encoder-webm-vp8: eb34c28f22e8b96e1ab97ce403110664 -> 
  custom:video-decoder-webm-vp8: 9c59270c3fd7afecdb556c50c9e8de78 -> 
  custom:audio-decoder-ogg-vorbis: bf7c407c2cedff20999df2af8eb42d56 -> 
  custom:audio-encoder-webm-vorbis: bf7c407c2cedff20999df2af8eb42d56 -> 
========================================================================
Received Prepare
Registering precompiled user dll's ...
Registered in 0.008218 seconds.
Begin MonoManager ReloadAssembly
Native extension for WindowsStandalone target not found
Native extension for WebGL target not found
Refreshing native plugins compatible for Editor in 2.27 ms, found 3 plugins.
Preloading 0 native plugins for Editor in 0.00 ms.
Mono: successfully reloaded assembly
- Completed reload, in  2.462 seconds
Domain Reload Profiling:
	ReloadAssembly (2464ms)
		BeginReloadAssembly (158ms)
			ExecutionOrderSort (0ms)
			DisableScriptedObjects (9ms)
			BackupInstance (0ms)
			ReleaseScriptingObjects (0ms)
			CreateAndSetChildDomain (76ms)
		EndReloadAssembly (2235ms)
			LoadAssemblies (113ms)
			RebuildTransferFunctionScriptingTraits (0ms)
			SetupTypeCache (478ms)
			ReleaseScriptCaches (2ms)
			RebuildScriptCaches (73ms)
			SetupLoadedEditorAssemblies (1271ms)
				LogAssemblyErrors (0ms)
				InitializePlatformSupportModulesInManaged (5ms)
				SetLoadedEditorAssemblies (0ms)
				RefreshPlugins (2ms)
				BeforeProcessingInitializeOnLoad (120ms)
				ProcessInitializeOnLoadAttributes (998ms)
				ProcessInitializeOnLoadMethodAttributes (117ms)
				AfterProcessingInitializeOnLoad (14ms)
				EditorAssembliesLoaded (14ms)
			ExecutionOrderSort2 (0ms)
			AwakeInstancesAfterBackupRestoration (92ms)
Platform modules already initialized, skipping
Shader 'MoreMountains/MMRipple': fallback shader 'Particle/AlphaBlended' not found
Refreshing native plugins compatible for Editor in 1.88 ms, found 3 plugins.
Preloading 0 native plugins for Editor in 0.00 ms.
Unloading 4665 Unused Serialized files (Serialized files now loaded: 0)
System memory in use before: 261.0 MB.
System memory in use after: 261.4 MB.

Unloading 63 unused Assets to reduce memory usage. Loaded Objects now: 5422.
Total: 36.664400 ms (FindLiveObjects: 0.896300 ms CreateObjectMapping: 0.907600 ms MarkObjects: 34.808500 ms  DeleteObjects: 0.049500 ms)

AssetImportParameters requested are different than current active one (requested -> active):
  custom:framework-win-MediaFoundation: 216162199b28c13a410421893ffa2e32 -> 
  custom:video-decoder-ogg-theora: a1e56fd34408186e4bbccfd4996cb3dc -> 
  custom:container-muxer-webm: aa71ff27fc2769a1b78a27578f13a17b -> 
  custom:container-demuxer-webm: 4f35f7cbe854078d1ac9338744f61a02 -> 
  custom:container-demuxer-ogg: 62fdf1f143b41e24485cea50d1cbac27 -> 
  custom:video-encoder-webm-vp8: eb34c28f22e8b96e1ab97ce403110664 -> 
  custom:video-decoder-webm-vp8: 9c59270c3fd7afecdb556c50c9e8de78 -> 
  custom:audio-decoder-ogg-vorbis: bf7c407c2cedff20999df2af8eb42d56 -> 
  custom:audio-encoder-webm-vorbis: bf7c407c2cedff20999df2af8eb42d56 -> 
========================================================================
Received Prepare
Registering precompiled user dll's ...
Registered in 0.006227 seconds.
Begin MonoManager ReloadAssembly
Native extension for WindowsStandalone target not found
Native extension for WebGL target not found
Refreshing native plugins compatible for Editor in 2.41 ms, found 3 plugins.
Preloading 0 native plugins for Editor in 0.00 ms.
Mono: successfully reloaded assembly
- Completed reload, in  2.172 seconds
Domain Reload Profiling:
	ReloadAssembly (2173ms)
		BeginReloadAssembly (147ms)
			ExecutionOrderSort (0ms)
			DisableScriptedObjects (9ms)
			BackupInstance (0ms)
			ReleaseScriptingObjects (0ms)
			CreateAndSetChildDomain (69ms)
		EndReloadAssembly (1953ms)
			LoadAssemblies (140ms)
			RebuildTransferFunctionScriptingTraits (0ms)
			SetupTypeCache (449ms)
			ReleaseScriptCaches (2ms)
			RebuildScriptCaches (52ms)
			SetupLoadedEditorAssemblies (1138ms)
				LogAssemblyErrors (0ms)
				InitializePlatformSupportModulesInManaged (6ms)
				SetLoadedEditorAssemblies (0ms)
				RefreshPlugins (2ms)
				BeforeProcessingInitializeOnLoad (114ms)
				ProcessInitializeOnLoadAttributes (892ms)
				ProcessInitializeOnLoadMethodAttributes (115ms)
				AfterProcessingInitializeOnLoad (8ms)
				EditorAssembliesLoaded (1ms)
			ExecutionOrderSort2 (0ms)
			AwakeInstancesAfterBackupRestoration (26ms)
Platform modules already initialized, skipping
Shader 'MoreMountains/MMRipple': fallback shader 'Particle/AlphaBlended' not found
Refreshing native plugins compatible for Editor in 2.62 ms, found 3 plugins.
Preloading 0 native plugins for Editor in 0.00 ms.
Unloading 4665 Unused Serialized files (Serialized files now loaded: 0)
System memory in use before: 261.0 MB.
System memory in use after: 261.4 MB.

Unloading 63 unused Assets to reduce memory usage. Loaded Objects now: 5437.
Total: 32.907000 ms (FindLiveObjects: 0.811100 ms CreateObjectMapping: 0.347100 ms MarkObjects: 31.697100 ms  DeleteObjects: 0.050000 ms)

AssetImportParameters requested are different than current active one (requested -> active):
  custom:framework-win-MediaFoundation: 216162199b28c13a410421893ffa2e32 -> 
  custom:video-decoder-ogg-theora: a1e56fd34408186e4bbccfd4996cb3dc -> 
  custom:container-muxer-webm: aa71ff27fc2769a1b78a27578f13a17b -> 
  custom:container-demuxer-webm: 4f35f7cbe854078d1ac9338744f61a02 -> 
  custom:container-demuxer-ogg: 62fdf1f143b41e24485cea50d1cbac27 -> 
  custom:video-encoder-webm-vp8: eb34c28f22e8b96e1ab97ce403110664 -> 
  custom:video-decoder-webm-vp8: 9c59270c3fd7afecdb556c50c9e8de78 -> 
  custom:audio-decoder-ogg-vorbis: bf7c407c2cedff20999df2af8eb42d56 -> 
  custom:audio-encoder-webm-vorbis: bf7c407c2cedff20999df2af8eb42d56 -> 
AssetImportWorkerClient::OnTransportError - code=2 error=End of file
